1705510931810	geckodriver	INFO	Listening on 127.0.0.1:49847
1705510934899	mozrunner::runner	INFO	Running command: "C:\\Program Files\\Mozilla Firefox\\firefox.exe" "--marionette" "--remote-debugging-port" "49848" "--remote-allow-hosts" "localhost" "-no-remote" "-profile" "C:\\Users\\admin\\AppData\\Local\\Temp\\rust_mozprofileg82usm"
console.warn: services.settings: Ignoring preference override of remote settings server
console.warn: services.settings: Allow by setting MOZ_REMOTE_SETTINGS_DEVTOOLS=1 in the environment
1705510935272	Marionette	INFO	Marionette enabled
Dynamically enable window occlusion 0
1705510935356	Marionette	INFO	Listening on port 49856
WebDriver BiDi listening on ws://127.0.0.1:49848
Read port: 49856
1705510935457	RemoteAgent	WARN	TLS certificate errors will be ignored for this session
DevTools listening on ws://127.0.0.1:49848/devtools/browser/10c6ef9c-ca5e-4362-bf9e-46c3894fe21f
JavaScript warning: https://www.google.com/maps/_/js/k=maps.m.it.JlYF-0BSGAY.2019.O/m=sc2,per,mo,lp,ep,ti,ds,stx,dwi,enr,pwd,dw,plm,log,b/am=BgCFAAg/rt=j/d=1/rs=ACT90oEpSf9YM6oUX_LswDBgWKhXXRvl5g?wli=m.6J6kJhXAfng.loadSv.F%3A%3Bm.qD8w5kLsTQY.loadSv.O%3A%3Bm.XNGwIz2ZX0g.mapcore.F%3A%3Bm.96_7yAaY13U.mapcore.O%3A%3B, line 2634: WEBGL_debug_renderer_info is deprecated in Firefox and will be removed. Please use RENDERER.
JavaScript warning: , line 0: WebGL warning: texSubImage: Texture has not been initialized prior to a partial upload, forcing the browser to clear it. This may be slow.
JavaScript warning: , line 0: WebGL warning: texSubImage: Tex image TEXTURE_2D level 0 is incurring lazy initialization.
JavaScript warning: , line 0: WebGL warning: texSubImage: Texture has not been initialized prior to a partial upload, forcing the browser to clear it. This may be slow.
JavaScript warning: , line 0: WebGL warning: texSubImage: Tex image TEXTURE_2D level 0 is incurring lazy initialization.
JavaScript warning: , line 0: WebGL warning: texSubImage: Texture has not been initialized prior to a partial upload, forcing the browser to clear it. This may be slow.
JavaScript warning: , line 0: WebGL warning: texSubImage: Tex image TEXTURE_2D level 0 is incurring lazy initialization.
JavaScript warning: , line 0: WebGL warning: texSubImage: Texture has not been initialized prior to a partial upload, forcing the browser to clear it. This may be slow.
JavaScript warning: , line 0: WebGL warning: texSubImage: Tex image TEXTURE_2D level 0 is incurring lazy initialization.
1705510965299	addons.xpi	ERROR	System addon update list error SyntaxError: XMLHttpRequest.open: 'http://%(server)s/dummy-system-addons.xml' is not a valid URL.
1705510991309	Marionette	INFO	Stopped listening on port 49856
Dynamically enable window occlusion 1
1705511162066	geckodriver	INFO	Listening on 127.0.0.1:49934
1705511165147	mozrunner::runner	INFO	Running command: "C:\\Program Files\\Mozilla Firefox\\firefox.exe" "--marionette" "--remote-debugging-port" "49935" "--remote-allow-hosts" "localhost" "-no-remote" "-profile" "C:\\Users\\admin\\AppData\\Local\\Temp\\rust_mozprofilemoArHv"
console.warn: services.settings: Ignoring preference override of remote settings server
console.warn: services.settings: Allow by setting MOZ_REMOTE_SETTINGS_DEVTOOLS=1 in the environment
1705511165533	Marionette	INFO	Marionette enabled
Dynamically enable window occlusion 0
1705511165616	Marionette	INFO	Listening on port 49942
WebDriver BiDi listening on ws://127.0.0.1:49935
Read port: 49942
1705511165889	RemoteAgent	WARN	TLS certificate errors will be ignored for this session
DevTools listening on ws://127.0.0.1:49935/devtools/browser/1280d31a-5a9d-46e0-8e10-f3369ba71cc4
JavaScript warning: https://www.google.com/maps/_/js/k=maps.m.it.JlYF-0BSGAY.2019.O/m=sc2,per,mo,lp,ep,ti,ds,stx,dwi,enr,pwd,dw,plm,log,b/am=BgCFAAg/rt=j/d=1/rs=ACT90oEpSf9YM6oUX_LswDBgWKhXXRvl5g?wli=m.6J6kJhXAfng.loadSv.F%3A%3Bm.qD8w5kLsTQY.loadSv.O%3A%3Bm.XNGwIz2ZX0g.mapcore.F%3A%3Bm.96_7yAaY13U.mapcore.O%3A%3B, line 2634: WEBGL_debug_renderer_info is deprecated in Firefox and will be removed. Please use RENDERER.
JavaScript warning: , line 0: WebGL warning: texSubImage: Texture has not been initialized prior to a partial upload, forcing the browser to clear it. This may be slow.
JavaScript warning: , line 0: WebGL warning: texSubImage: Tex image TEXTURE_2D level 0 is incurring lazy initialization.
JavaScript warning: , line 0: WebGL warning: texSubImage: Texture has not been initialized prior to a partial upload, forcing the browser to clear it. This may be slow.
JavaScript warning: , line 0: WebGL warning: texSubImage: Tex image TEXTURE_2D level 0 is incurring lazy initialization.
JavaScript warning: , line 0: WebGL warning: texSubImage: Texture has not been initialized prior to a partial upload, forcing the browser to clear it. This may be slow.
JavaScript warning: , line 0: WebGL warning: texSubImage: Tex image TEXTURE_2D level 0 is incurring lazy initialization.
JavaScript warning: , line 0: WebGL warning: texSubImage: Texture has not been initialized prior to a partial upload, forcing the browser to clear it. This may be slow.
JavaScript warning: , line 0: WebGL warning: texSubImage: Tex image TEXTURE_2D level 0 is incurring lazy initialization.
1705511195568	addons.xpi	ERROR	System addon update list error SyntaxError: XMLHttpRequest.open: 'http://%(server)s/dummy-system-addons.xml' is not a valid URL.
Exiting due to channel error.
