1713250733719	geckodriver	INFO	Listening on 127.0.0.1:63221
1713250816508	geckodriver	INFO	Listening on 127.0.0.1:63250
1713250878382	geckodriver	INFO	Listening on 127.0.0.1:63257
1713250881486	mozrunner::runner	INFO	Running command: "C:\\Program Files\\Mozilla Firefox\\firefox.exe" "--marionette" "--remote-debugging-port" "63258" "--remote-allow-hosts" "localhost" "-no-remote" "-profile" "C:\\Users\\UTENTE~1\\AppData\\Local\\Temp\\rust_mozprofilep8rgev"
console.warn: services.settings: Ignoring preference override of remote settings server
console.warn: services.settings: Allow by setting MOZ_REMOTE_SETTINGS_DEVTOOLS=1 in the environment
1713250882240	Marionette	INFO	Marionette enabled
Dynamically enable window occlusion 0
1713250882310	Marionette	INFO	Listening on port 63265
WebDriver BiDi listening on ws://127.0.0.1:63258
Read port: 63265
1713250882712	RemoteAgent	WARN	TLS certificate errors will be ignored for this session
DevTools listening on ws://127.0.0.1:63258/devtools/browser/6a334ffd-cc08-4331-8c73-f40811d1013c
1713250912298	addons.xpi	ERROR	System addon update list error SyntaxError: XMLHttpRequest.open: 'http://%(server)s/dummy-system-addons.xml' is not a valid URL.
console.warn: LoginRecipes: "Falling back to a synchronous message for: https://www.google.com."
console.warn: LoginRecipes: "Falling back to a synchronous message for: https://www.google.com."
JavaScript error: , line 0: uncaught exception: undefined
JavaScript warning: https://www.google.com/maps/_/js/k=maps.m.it.UEEBFnhC0w8.2019.O/m=sc2,per,mo,lp,ti,ds,stx,dwi,enr,bom,b/am=BgCjAQg/rt=j/d=1/rs=ACT90oEyZSMAjSyWDHiGDXQ-k49o9uFqXg?wli=m.blypaMQUeHw.loadSv.O%3A%3Bm.zRV5eS6vY_E.mapcore.O%3A%3B, line 1331: WEBGL_debug_renderer_info is deprecated in Firefox and will be removed. Please use RENDERER.
JavaScript warning: , line 0: WebGL warning: texSubImage: Texture has not been initialized prior to a partial upload, forcing the browser to clear it. This may be slow.
JavaScript warning: , line 0: WebGL warning: texSubImage: Tex image TEXTURE_2D level 0 is incurring lazy initialization.
JavaScript warning: , line 0: WebGL warning: texSubImage: Texture has not been initialized prior to a partial upload, forcing the browser to clear it. This may be slow.
JavaScript warning: , line 0: WebGL warning: texSubImage: Tex image TEXTURE_2D level 0 is incurring lazy initialization.
JavaScript warning: , line 0: WebGL warning: drawArraysInstanced: Tex image TEXTURE_2D level 0 is incurring lazy initialization.
JavaScript warning: , line 0: WebGL warning: texSubImage: Texture has not been initialized prior to a partial upload, forcing the browser to clear it. This may be slow.
JavaScript warning: , line 0: WebGL warning: texSubImage: Tex image TEXTURE_2D level 0 is incurring lazy initialization.
JavaScript warning: , line 0: WebGL warning: copyTexSubImage: Texture has not been initialized prior to a partial upload, forcing the browser to clear it. This may be slow.
JavaScript warning: , line 0: WebGL warning: copyTexSubImage: Tex image TEXTURE_2D level 0 is incurring lazy initialization.
JavaScript error: , line 0: NotFoundError: No such JSWindowActor 'DevToolsFrame'
1713253132055	Marionette	INFO	Stopped listening on port 63265
Dynamically enable window occlusion 1
!!! error running onStopped callback: TypeError: callback is not a function
console.error: (new Error("Data is not ready.", "resource://gre/modules/JSONFile.sys.mjs", 178))
